0 info it worked if it ends with ok
1 verbose cli [ '/usr/bin/node', '/usr/bin/npm', 'install', 'typings', '-g' ]
2 info using npm@1.4.28
3 info using node@v0.10.37
4 verbose node symlink /usr/bin/node
5 verbose cache add [ 'typings', null ]
6 verbose cache add name=undefined spec="typings" args=["typings",null]
7 verbose parsed url { protocol: null,
7 verbose parsed url   slashes: null,
7 verbose parsed url   auth: null,
7 verbose parsed url   host: null,
7 verbose parsed url   port: null,
7 verbose parsed url   hostname: null,
7 verbose parsed url   hash: null,
7 verbose parsed url   search: null,
7 verbose parsed url   query: null,
7 verbose parsed url   pathname: 'typings',
7 verbose parsed url   path: 'typings',
7 verbose parsed url   href: 'typings' }
8 silly lockFile c99a96bd-typings typings
9 verbose lock typings /home/jpmermoz/.npm/c99a96bd-typings.lock
10 silly lockFile c99a96bd-typings typings
11 silly lockFile c99a96bd-typings typings
12 verbose addNamed [ 'typings', '' ]
13 verbose addNamed [ null, '*' ]
14 silly lockFile 33aeb51f-typings typings@
15 verbose lock typings@ /home/jpmermoz/.npm/33aeb51f-typings.lock
16 silly addNameRange { name: 'typings', range: '*', hasData: false }
17 verbose request where is /typings
18 verbose request registry https://registry.npmjs.org/
19 verbose request id 60b782c6f2ef693e
20 verbose url raw /typings
21 verbose url resolving [ 'https://registry.npmjs.org/', './typings' ]
22 verbose url resolved https://registry.npmjs.org/typings
23 verbose request where is https://registry.npmjs.org/typings
24 info trying registry request attempt 1 at 19:07:50
25 http GET https://registry.npmjs.org/typings
26 http 200 https://registry.npmjs.org/typings
27 silly registry.get cb [ 200,
27 silly registry.get   { server: 'CouchDB/1.5.0 (Erlang OTP/R16B03)',
27 silly registry.get     etag: '"C966UEGWMJ7MU7DMT8LWDSX5X"',
27 silly registry.get     'content-type': 'application/json',
27 silly registry.get     'cache-control': 'max-age=300',
27 silly registry.get     'content-length': '140903',
27 silly registry.get     'accept-ranges': 'bytes',
27 silly registry.get     date: 'Sun, 28 Feb 2016 22:07:51 GMT',
27 silly registry.get     via: '1.1 varnish',
27 silly registry.get     age: '0',
27 silly registry.get     connection: 'keep-alive',
27 silly registry.get     'x-served-by': 'cache-iad2143-IAD',
27 silly registry.get     'x-cache': 'HIT',
27 silly registry.get     'x-cache-hits': '1',
27 silly registry.get     'x-timer': 'S1456697271.726307,VS0,VE81',
27 silly registry.get     vary: 'Accept' } ]
28 silly addNameRange number 2 { name: 'typings', range: '*', hasData: true }
29 silly addNameRange versions [ 'typings',
29 silly addNameRange   [ '0.0.0',
29 silly addNameRange     '0.0.2',
29 silly addNameRange     '0.0.3',
29 silly addNameRange     '0.0.4',
29 silly addNameRange     '0.0.5',
29 silly addNameRange     '0.0.6',
29 silly addNameRange     '0.0.7',
29 silly addNameRange     '0.0.8',
29 silly addNameRange     '0.0.9',
29 silly addNameRange     '0.0.10',
29 silly addNameRange     '0.0.11',
29 silly addNameRange     '0.0.12',
29 silly addNameRange     '0.0.13',
29 silly addNameRange     '0.1.0',
29 silly addNameRange     '0.1.1',
29 silly addNameRange     '0.1.2',
29 silly addNameRange     '0.1.3',
29 silly addNameRange     '0.1.4',
29 silly addNameRange     '0.1.5',
29 silly addNameRange     '0.1.6',
29 silly addNameRange     '0.1.7',
29 silly addNameRange     '0.2.0',
29 silly addNameRange     '0.2.1',
29 silly addNameRange     '0.2.2',
29 silly addNameRange     '0.2.3',
29 silly addNameRange     '0.2.4',
29 silly addNameRange     '0.3.0',
29 silly addNameRange     '0.3.1',
29 silly addNameRange     '0.3.2',
29 silly addNameRange     '0.3.3',
29 silly addNameRange     '0.3.4',
29 silly addNameRange     '0.3.5',
29 silly addNameRange     '0.4.0',
29 silly addNameRange     '0.4.1',
29 silly addNameRange     '0.5.0',
29 silly addNameRange     '0.5.1',
29 silly addNameRange     '0.5.2',
29 silly addNameRange     '0.6.0',
29 silly addNameRange     '0.6.1',
29 silly addNameRange     '0.6.2',
29 silly addNameRange     '0.6.3',
29 silly addNameRange     '0.6.4',
29 silly addNameRange     '0.6.5',
29 silly addNameRange     '0.6.6',
29 silly addNameRange     '0.6.7',
29 silly addNameRange     '0.6.8' ] ]
30 verbose addNamed [ 'typings', '0.6.8' ]
31 verbose addNamed [ '0.6.8', '0.6.8' ]
32 silly lockFile 9b3225ef-typings-0-6-8 typings@0.6.8
33 verbose lock typings@0.6.8 /home/jpmermoz/.npm/9b3225ef-typings-0-6-8.lock
34 silly lockFile 54e3b90e-js-org-typings-typings-0-6-8-tgz https://registry.npmjs.org/typings/-/typings-0.6.8.tgz
35 verbose lock https://registry.npmjs.org/typings/-/typings-0.6.8.tgz /home/jpmermoz/.npm/54e3b90e-js-org-typings-typings-0-6-8-tgz.lock
36 verbose addRemoteTarball [ 'https://registry.npmjs.org/typings/-/typings-0.6.8.tgz',
36 verbose addRemoteTarball   '6b2c7d2eaab248de87c0740ef4285243bc5a208c' ]
37 info retry fetch attempt 1 at 19:07:55
38 verbose fetch to= /tmp/npm-7178-sl5YieLE/registry.npmjs.org/typings/-/typings-0.6.8.tgz
39 http GET https://registry.npmjs.org/typings/-/typings-0.6.8.tgz
40 http 200 https://registry.npmjs.org/typings/-/typings-0.6.8.tgz
41 silly lockFile 54e3b90e-js-org-typings-typings-0-6-8-tgz https://registry.npmjs.org/typings/-/typings-0.6.8.tgz
42 silly lockFile 54e3b90e-js-org-typings-typings-0-6-8-tgz https://registry.npmjs.org/typings/-/typings-0.6.8.tgz
43 silly lockFile 9b3225ef-typings-0-6-8 typings@0.6.8
44 silly lockFile 9b3225ef-typings-0-6-8 typings@0.6.8
45 silly lockFile 33aeb51f-typings typings@
46 silly lockFile 33aeb51f-typings typings@
47 silly resolved [ { name: 'typings',
47 silly resolved     version: '0.6.8',
47 silly resolved     description: 'The manager for TypeScript definitions',
47 silly resolved     main: 'dist/typings.js',
47 silly resolved     preferGlobal: true,
47 silly resolved     bin: { typings: 'dist/bin/typings.js' },
47 silly resolved     files: [ 'dist/', 'typings.json', 'LICENSE' ],
47 silly resolved     scripts:
47 silly resolved      { lint: '# tslint "src/**/*.ts"',
47 silly resolved        build: 'rm -rf dist/ && tsc',
47 silly resolved        'dependency-check': 'dependency-check . --entry dist/bin/typings-bundle.js --entry dist/bin/typings-init.js --entry dist/bin/typings-install.js --entry dist/bin/typings-list.js --entry dist/bin/typings-search.js --entry dist/bin/typings-uninstall.js --unused --no-dev -i bluebird',
47 silly resolved        'test-spec': 'ts-node node_modules/blue-tape/bin/blue-tape.js "src/**/*.spec.ts" | tap-spec',
47 silly resolved        'test-cov': 'ts-node node_modules/istanbul/lib/cli.js cover -e .ts --print none -x "*.d.ts" -x "*.spec.ts" blue-tape -- "src/**/*.spec.ts" | tap-spec',
47 silly resolved        test: 'npm run lint && npm run build && npm run dependency-check && npm run test-cov',
47 silly resolved        bootstrap: 'mkdir -p typings && touch typings/main.d.ts && SKIP_PREPUBLISH=true npm install && npm run build 2> /dev/null; cat dist/init.js > /dev/null && node dist/bin/typings.js install',
47 silly resolved        prepublish: 'if [ ! $SKIP_PREPUBLISH ]; then npm run build; fi' },
47 silly resolved     repository: { type: 'git', url: 'git://github.com/typings/typings.git' },
47 silly resolved     keywords:
47 silly resolved      [ 'typings',
47 silly resolved        'typescript',
47 silly resolved        'definition',
47 silly resolved        'declaration',
47 silly resolved        'package',
47 silly resolved        'manager',
47 silly resolved        'typed' ],
47 silly resolved     author:
47 silly resolved      { name: 'Blake Embrey',
47 silly resolved        email: 'hello@blakeembrey.com',
47 silly resolved        url: 'http://blakeembrey.me' },
47 silly resolved     license: 'MIT',
47 silly resolved     bugs: { url: 'https://github.com/typings/typings/issues' },
47 silly resolved     homepage: 'https://github.com/typings/typings',
47 silly resolved     dependencies:
47 silly resolved      { 'any-promise': '^1.0.0',
47 silly resolved        archy: '^1.0.0',
47 silly resolved        'array-uniq': '^1.0.2',
47 silly resolved        bluebird: '^3.1.1',
47 silly resolved        chalk: '^1.0.0',
47 silly resolved        columnify: '^1.5.2',
47 silly resolved        debug: '^2.2.0',
47 silly resolved        'detect-indent': '^4.0.0',
47 silly resolved        'elegant-spinner': '^1.0.1',
47 silly resolved        'graceful-fs': '^4.1.2',
47 silly resolved        has: '^1.0.1',
47 silly resolved        inquirer: '^0.11.0',
47 silly resolved        insight: '^0.7.0',
47 silly resolved        invariant: '^2.2.0',
47 silly resolved        'is-absolute': '^0.2.3',
47 silly resolved        listify: '^1.0.0',
47 silly resolved        lockfile: '^1.0.1',
47 silly resolved        'log-update': '^1.0.2',
47 silly resolved        'make-error-cause': '^1.0.1',
47 silly resolved        minimist: '^1.2.0',
47 silly resolved        mkdirp: '^0.5.1',
47 silly resolved        'object.pick': '^1.1.1',
47 silly resolved        'parse-json': '^2.2.0',
47 silly resolved        popsicle: '^3.2.1',
47 silly resolved        'popsicle-proxy-agent': '^1.0.0',
47 silly resolved        'popsicle-retry': '^1.0.1',
47 silly resolved        'popsicle-status': '^1.0.1',
47 silly resolved        'promise-finally': '^2.0.1',
47 silly resolved        rc: '^1.1.5',
47 silly resolved        rimraf: '^2.4.4',
47 silly resolved        'sort-keys': '^1.0.0',
47 silly resolved        'string-template': '^1.0.0',
47 silly resolved        'strip-bom': '^2.0.0',
47 silly resolved        thenify: '^3.1.0',
47 silly resolved        touch: '^1.0.0',
47 silly resolved        typescript: '1.8.0',
47 silly resolved        'update-notifier': '^0.6.0',
47 silly resolved        wordwrap: '^1.0.0',
47 silly resolved        xtend: '^4.0.0',
47 silly resolved        'zip-object': '^0.1.0' },
47 silly resolved     devDependencies:
47 silly resolved      { 'blue-tape': '^0.1.11',
47 silly resolved        'dependency-check': '^2.5.1',
47 silly resolved        istanbul: '1.0.0-alpha.2',
47 silly resolved        nock: '^7.0.2',
47 silly resolved        'pre-commit': '^1.0.6',
47 silly resolved        'tap-spec': '^4.1.1',
47 silly resolved        'ts-node': '^0.5.4',
47 silly resolved        tslint: '^3.2.1' },
47 silly resolved     gitHead: 'af1a2a77745a998b2d79e091696dbbe97a5e310c',
47 silly resolved     _id: 'typings@0.6.8',
47 silly resolved     _shasum: '6b2c7d2eaab248de87c0740ef4285243bc5a208c',
47 silly resolved     _from: 'typings@',
47 silly resolved     _npmVersion: '3.3.12',
47 silly resolved     _nodeVersion: '5.5.0',
47 silly resolved     _npmUser: { name: 'blakeembrey', email: 'hello@blakeembrey.com' },
47 silly resolved     dist:
47 silly resolved      { shasum: '6b2c7d2eaab248de87c0740ef4285243bc5a208c',
47 silly resolved        tarball: 'http://registry.npmjs.org/typings/-/typings-0.6.8.tgz' },
47 silly resolved     maintainers: [ [Object], [Object] ],
47 silly resolved     _npmOperationalInternal:
47 silly resolved      { host: 'packages-9-west.internal.npmjs.com',
47 silly resolved        tmp: 'tmp/typings-0.6.8.tgz_1455150479257_0.09466694039292634' },
47 silly resolved     directories: {},
47 silly resolved     _resolved: 'https://registry.npmjs.org/typings/-/typings-0.6.8.tgz' } ]
48 info install typings@0.6.8 into /usr/lib
49 info installOne typings@0.6.8
50 verbose lib/node_modules/typings unbuild
51 verbose tar unpack /home/jpmermoz/.npm/typings/0.6.8/package.tgz
52 silly lockFile d0ff4cea-tar-usr-lib-node-modules-typings tar:///usr/lib/node_modules/typings
53 verbose lock tar:///usr/lib/node_modules/typings /home/jpmermoz/.npm/d0ff4cea-tar-usr-lib-node-modules-typings.lock
54 silly lockFile 3448f373-oz-npm-typings-0-6-8-package-tgz tar:///home/jpmermoz/.npm/typings/0.6.8/package.tgz
55 verbose lock tar:///home/jpmermoz/.npm/typings/0.6.8/package.tgz /home/jpmermoz/.npm/3448f373-oz-npm-typings-0-6-8-package-tgz.lock
56 silly gunzTarPerm modes [ '775', '664' ]
57 error Error: EACCES, mkdir '/usr/lib/node_modules/typings'
57 error  { [Error: EACCES, mkdir '/usr/lib/node_modules/typings']
57 error   errno: 3,
57 error   code: 'EACCES',
57 error   path: '/usr/lib/node_modules/typings',
57 error   fstream_type: 'Directory',
57 error   fstream_path: '/usr/lib/node_modules/typings',
57 error   fstream_class: 'DirWriter',
57 error   fstream_stack:
57 error    [ '/usr/lib/node_modules/npm/node_modules/fstream/lib/dir-writer.js:36:23',
57 error      '/usr/lib/node_modules/npm/node_modules/mkdirp/index.js:46:53',
57 error      'Object.oncomplete (fs.js:108:15)' ] }
58 error Please try running this command again as root/Administrator.
59 error System Linux 3.13.0-32-generic
60 error command "/usr/bin/node" "/usr/bin/npm" "install" "typings" "-g"
61 error cwd /home/jpmermoz/Programacion/Meteor/socially
62 error node -v v0.10.37
63 error npm -v 1.4.28
64 error path /usr/lib/node_modules/typings
65 error fstream_path /usr/lib/node_modules/typings
66 error fstream_type Directory
67 error fstream_class DirWriter
68 error code EACCES
69 error errno 3
70 error stack Error: EACCES, mkdir '/usr/lib/node_modules/typings'
71 error fstream_stack /usr/lib/node_modules/npm/node_modules/fstream/lib/dir-writer.js:36:23
71 error fstream_stack /usr/lib/node_modules/npm/node_modules/mkdirp/index.js:46:53
71 error fstream_stack Object.oncomplete (fs.js:108:15)
72 verbose exit [ 3, true ]
